#-----------------------------------------------------------
# Vivado v2020.1 (64-bit)
# SW Build 2902540 on Wed May 27 19:54:35 MDT 2020
# IP Build 2902112 on Wed May 27 22:43:36 MDT 2020
# Start of session at: Mon Nov  2 14:02:21 2020
# Process ID: 24100
# Current directory: /home/denjo/risc
# Command line: vivado
# Log file: /home/denjo/risc/vivado.log
# Journal file: /home/denjo/risc/vivado.jou
#-----------------------------------------------------------
start_gui
open_project /home/denjo/risc/work/stateachine/stateachine.xpr
Scanning sources...
Finished scanning sources
WARNING: [filemgmt 56-3] Default IP Output Path : Could not find the directory '/home/denjo/risc/work/stateachine/stateachine.srcs/sources_1'.
INFO: [IP_Flow 19-234] Refreshing IP repositories
INFO: [IP_Flow 19-1704] No user IP repositories specified
INFO: [IP_Flow 19-2313] Loaded Vivado IP repository '/opt/Xilinx/Vivado/2020.1/data/ip'.
WARNING: [IP_Flow 19-3899] Cannot get the environment domain name variable for the component vendor name. Setting the vendor name to 'user.org'.
launch_runs impl_1 -to_step write_bitstream -jobs 2
[Mon Nov  2 14:04:12 2020] Launched synth_1...
Run output will be captured here: /home/denjo/risc/work/stateachine/stateachine.runs/synth_1/runme.log
[Mon Nov  2 14:04:12 2020] Launched impl_1...
Run output will be captured here: /home/denjo/risc/work/stateachine/stateachine.runs/impl_1/runme.log
exit
INFO: [Common 17-206] Exiting Vivado at Mon Nov  9 08:48:54 2020...
