Vivado Simulator 2020.1
Copyright 1986-1999, 2001-2020 Xilinx, Inc. All Rights Reserved.
Running: /opt/Xilinx/Vivado/2020.1/bin/unwrapped/lnx64.o/xelab -wto 9ed86b29a9cd4f58a2d1e6f278b2fde0 --incr --debug typical --relax --mt 8 -L xil_defaultlib -L unisims_ver -L unimacro_ver -L secureip --snapshot cpu_tb_behav xil_defaultlib.cpu_tb xil_defaultlib.glbl -log elaborate.log 
Using 8 slave threads.
Starting static elaboration
Pass Through NonSizing Optimizer
Completed static elaboration
Starting simulation data flow analysis
Completed simulation data flow analysis
Time Resolution for simulation is 1ps
Compiling module xil_defaultlib.sequencer
Compiling module xil_defaultlib.fetch
Compiling module xil_defaultlib.decoder
Compiling module xil_defaultlib.alu
Compiling module xil_defaultlib.gen_branch_signal
Compiling module xil_defaultlib.execute
Compiling module xil_defaultlib.load
Compiling module xil_defaultlib.datamem
Compiling module xil_defaultlib.regfile
Compiling module xil_defaultlib.hazard_control
Compiling module xil_defaultlib.hardware_counter
Compiling module xil_defaultlib.uart
Compiling module xil_defaultlib.cpu
Compiling module xil_defaultlib.cpu_tb
Compiling module xil_defaultlib.glbl
Built simulation snapshot cpu_tb_behav
