#
# An unexpected error has occurred (6)
#
Stack:
/lib/x86_64-linux-gnu/libc.so.6(+0x3efd0) [0x7fae32072fd0]
/lib/x86_64-linux-gnu/libc.so.6(gsignal+0xc7) [0x7fae32072f47]
/lib/x86_64-linux-gnu/libc.so.6(abort+0x141) [0x7fae320748b1]
/opt/Xilinx/Vivado/2020.1/lib/lnx64.o/Ubuntu/18/libstdc++.so.6(+0x8c8fb) [0x7fae326c78fb]
/opt/Xilinx/Vivado/2020.1/lib/lnx64.o/Ubuntu/18/libstdc++.so.6(+0x92d3a) [0x7fae326cdd3a]
/opt/Xilinx/Vivado/2020.1/lib/lnx64.o/Ubuntu/18/libstdc++.so.6(+0x92d95) [0x7fae326cdd95]
/opt/Xilinx/Vivado/2020.1/lib/lnx64.o/Ubuntu/18/libstdc++.so.6(+0x93bd3) [0x7fae326cebd3]
/opt/Xilinx/Vivado/2020.1/lib/lnx64.o/librdi_wavedata.so(+0x2f41fe) [0x7fadf10061fe]
/opt/Xilinx/Vivado/2020.1/lib/lnx64.o/librdi_wavedata.so(SG_Model::WaveformRender::render(SG_Model::WVDataObject const&)+0xb5) [0x7fadf1011735]
/opt/Xilinx/Vivado/2020.1/lib/lnx64.o/librdi_wavedata.so(WaveViewer::WVWaveformPanel::WaveformTraverser::drawWaveform(SG_Model::WVDataObject const*, int, int)+0x2eb) [0x7fadf108e5eb]
/opt/Xilinx/Vivado/2020.1/lib/lnx64.o/librdi_wavedata.so(WaveViewer::WVWaveformPanel::WaveformTraverser::handleItemSize(WaveViewer::WVNameValueTreeModel::ITraverseHandler::ItemSize const&)+0x4a) [0x7fadf108e8ca]
/opt/Xilinx/Vivado/2020.1/lib/lnx64.o/librdi_wavedata.so(WaveViewer::WVNameValueTreeModel::traverseYRange(SG_Model::WVDataObject const*, WaveViewer::WVNameValueTreeModel::ITraverseHandler&, int, int, int&, int&) const+0x268) [0x7fadf1060958]
/opt/Xilinx/Vivado/2020.1/lib/lnx64.o/librdi_wavedata.so(WaveViewer::WVNameValueTreeModel::traverseYRange(SG_Model::WVDataObject const*, WaveViewer::WVNameValueTreeModel::ITraverseHandler&, int, int, int&, int&) const+0x336) [0x7fadf1060a26]
/opt/Xilinx/Vivado/2020.1/lib/lnx64.o/librdi_wavedata.so(WaveViewer::WVNameValueTreeModel::traverseYRange(WaveViewer::WVNameValueTreeModel::ITraverseHandler&, int, int) const+0x57) [0x7fadf1061a37]
/opt/Xilinx/Vivado/2020.1/lib/lnx64.o/librdi_wavedata.so(WaveViewer::WVWaveformPanel::getGraphics(HDGDStringStream&, long&)+0x3c5) [0x7fadf108dae5]
/opt/Xilinx/Vivado/2020.1/lib/lnx64.o/librdi_wavedata.so(WVExecutiveImp::getGraphicsDataSize()+0x10a) [0x7fadf1051f8a]
/opt/Xilinx/Vivado/2020.1/lib/lnx64.o/librdi_wavedata.so(WVExecutive::getGraphicsDataSize()+0xf) [0x7fadf10524af]
/opt/Xilinx/Vivado/2020.1/lib/lnx64.o/librdi_wavedata.so(Java_ui_views_waveform_waveformi_WVExecutive_1getGraphicsDataSize+0x17) [0x7fadf1098da7]
[0x7fadd14b4a11]
