INFO: [VRFC 10-2263] Analyzing Verilog file "/home/denjo/risc/source/99_define.v" into library xil_defaultlib
INFO: [VRFC 10-2263] Analyzing Verilog file "/home/denjo/risc/source/00_cpu.v" into library xil_defaultlib
INFO: [VRFC 10-311] analyzing module sequencer
INFO: [VRFC 10-311] analyzing module fetch
INFO: [VRFC 10-311] analyzing module decoder
INFO: [VRFC 10-311] analyzing module alu
INFO: [VRFC 10-311] analyzing module gen_branch_signal
INFO: [VRFC 10-311] analyzing module execute
INFO: [VRFC 10-311] analyzing module load
INFO: [VRFC 10-311] analyzing module datamem
INFO: [VRFC 10-311] analyzing module regfile
INFO: [VRFC 10-311] analyzing module uart
INFO: [VRFC 10-311] analyzing module hazard_control
INFO: [VRFC 10-311] analyzing module hardware_counter
INFO: [VRFC 10-311] analyzing module cpu
INFO: [VRFC 10-2263] Analyzing Verilog file "/home/denjo/risc/source/tb_cpu.v" into library xil_defaultlib
INFO: [VRFC 10-311] analyzing module sequencer
WARNING: [VRFC 10-3609] overwriting previous definition of module 'sequencer' [/home/denjo/risc/source/11_sequencer.v:5]
INFO: [VRFC 10-311] analyzing module fetch
WARNING: [VRFC 10-3609] overwriting previous definition of module 'fetch' [/home/denjo/risc/source/10_fetch.v:6]
INFO: [VRFC 10-311] analyzing module decoder
WARNING: [VRFC 10-3609] overwriting previous definition of module 'decoder' [/home/denjo/risc/source/20_decoder.v:5]
INFO: [VRFC 10-311] analyzing module alu
WARNING: [VRFC 10-3609] overwriting previous definition of module 'alu' [/home/denjo/risc/source/31_alu.v:5]
INFO: [VRFC 10-311] analyzing module gen_branch_signal
WARNING: [VRFC 10-3609] overwriting previous definition of module 'gen_branch_signal' [/home/denjo/risc/source/32_gen_branch_signal.v:5]
INFO: [VRFC 10-311] analyzing module execute
WARNING: [VRFC 10-3609] overwriting previous definition of module 'execute' [/home/denjo/risc/source/30_execute.v:6]
INFO: [VRFC 10-311] analyzing module load
WARNING: [VRFC 10-3609] overwriting previous definition of module 'load' [/home/denjo/risc/source/41_load.v:5]
INFO: [VRFC 10-311] analyzing module datamem
WARNING: [VRFC 10-3609] overwriting previous definition of module 'datamem' [/home/denjo/risc/source/40_datamem.v:5]
INFO: [VRFC 10-311] analyzing module regfile
WARNING: [VRFC 10-3609] overwriting previous definition of module 'regfile' [/home/denjo/risc/source/99_regfile.v:5]
INFO: [VRFC 10-311] analyzing module uart
WARNING: [VRFC 10-3609] overwriting previous definition of module 'uart' [/home/denjo/risc/source/99_uart.v:1]
INFO: [VRFC 10-311] analyzing module hazard_control
WARNING: [VRFC 10-3609] overwriting previous definition of module 'hazard_control' [/home/denjo/risc/source/99_hazard_control.v:3]
INFO: [VRFC 10-311] analyzing module hardware_counter
WARNING: [VRFC 10-3609] overwriting previous definition of module 'hardware_counter' [/home/denjo/risc/source/99_hardware_counter.v:6]
INFO: [VRFC 10-311] analyzing module cpu
WARNING: [VRFC 10-3609] overwriting previous definition of module 'cpu' [/home/denjo/risc/source/00_cpu.v:13]
INFO: [VRFC 10-311] analyzing module cpu_tb
WARNING: [VRFC 10-2659] decimal constant 10000000000 is too large, should be smaller than 2147483648; using 1410065408 instead [/home/denjo/risc/source/tb_cpu.v:29]
